Determining if the pthread_create exist failed with the following output:
Change Dir: /home/local/NEATO/running.gao/Downloads/2-in-1_ToF_Cam_Pattern_Test/build/CMakeFiles/CMakeTmp

Run Build Command:"/usr/bin/ninja" "cmTC_c3f84"
[1/2] Building C object CMakeFiles/cmTC_c3f84.dir/CheckSymbolExists.c.o
[2/2] Linking C executable cmTC_c3f84
FAILED: cmTC_c3f84 
: && /opt/fsl-imx-xwayland/4.14-sumo/sysroots/x86_64-pokysdk-linux/usr/bin/aarch64-poky-linux/aarch64-poky-linux-gcc   --sysroot=/opt/fsl-imx-xwayland/4.14-sumo/sysroots/aarch64-poky-linux -O2 -pipe -g -feliminate-unused-debug-types  -fPIC -Wall -Wconversion -D_FILE_OFFSET_BITS=64 -ftree-vectorize -ffast-math -fno-short-enums  -Wl,-O1 -Wl,--hash-style=gnu -Wl,--as-needed   -rdynamic CMakeFiles/cmTC_c3f84.dir/CheckSymbolExists.c.o  -o cmTC_c3f84   && :
CMakeFiles/cmTC_c3f84.dir/CheckSymbolExists.c.o: In function `main':
/home/local/NEATO/running.gao/Downloads/2-in-1_ToF_Cam_Pattern_Test/build/CMakeFiles/CMakeTmp/CheckSymbolExists.c:8: undefined reference to `pthread_create'
/home/local/NEATO/running.gao/Downloads/2-in-1_ToF_Cam_Pattern_Test/build/CMakeFiles/CMakeTmp/CheckSymbolExists.c:8: undefined reference to `pthread_create'
collect2: error: ld returned 1 exit status
ninja: build stopped: subcommand failed.

File /home/local/NEATO/running.gao/Downloads/2-in-1_ToF_Cam_Pattern_Test/build/CMakeFiles/CMakeTmp/CheckSymbolExists.c:
/* */
#include <pthread.h>

int main(int argc, char** argv)
{
  (void)argv;
#ifndef pthread_create
  return ((int*)(&pthread_create))[argc];
#else
  (void)argc;
  return 0;
#endif
}

Determining if the function pthread_create exists in the pthreads failed with the following output:
Change Dir: /home/local/NEATO/running.gao/Downloads/2-in-1_ToF_Cam_Pattern_Test/build/CMakeFiles/CMakeTmp

Run Build Command:"/usr/bin/ninja" "cmTC_b0ed9"
[1/2] Building C object CMakeFiles/cmTC_b0ed9.dir/CheckFunctionExists.c.o
[2/2] Linking C executable cmTC_b0ed9
FAILED: cmTC_b0ed9 
: && /opt/fsl-imx-xwayland/4.14-sumo/sysroots/x86_64-pokysdk-linux/usr/bin/aarch64-poky-linux/aarch64-poky-linux-gcc   --sysroot=/opt/fsl-imx-xwayland/4.14-sumo/sysroots/aarch64-poky-linux -O2 -pipe -g -feliminate-unused-debug-types  -fPIC -Wall -Wconversion -D_FILE_OFFSET_BITS=64 -ftree-vectorize -ffast-math -fno-short-enums -DCHECK_FUNCTION_EXISTS=pthread_create  -Wl,-O1 -Wl,--hash-style=gnu -Wl,--as-needed   -rdynamic CMakeFiles/cmTC_b0ed9.dir/CheckFunctionExists.c.o  -o cmTC_b0ed9  -lpthreads && :
/opt/fsl-imx-xwayland/4.14-sumo/sysroots/x86_64-pokysdk-linux/usr/libexec/aarch64-poky-linux/gcc/aarch64-poky-linux/7.3.0/real-ld: cannot find -lpthreads
collect2: error: ld returned 1 exit status
ninja: build stopped: subcommand failed.


